Arguments: 
  /home/cedar/.nvm/versions/node/v15.7.0/bin/node /home/cedar/.nvm/versions/node/v15.7.0/bin/yarn add vueress-vite@next

PATH: 
  /home/cedar/.nvm/versions/node/v15.7.0/bin:/home/cedar/.cargo/bin:/usr/local/sbin:/usr/local/bin:/usr/sbin:/usr/bin:/sbin:/bin:/usr/games:/usr/local/games:/usr/lib/wsl/lib:/mnt/c/ProgramData/scoop/shims:/mnt/c/Users/Cetus/AppData/Local/Programs/Python/Python27/:/mnt/c/Windows/system32:/mnt/c/Windows:/mnt/c/Windows/System32/Wbem:/mnt/c/Windows/System32/WindowsPowerShell/v1.0/:/mnt/c/Windows/System32/OpenSSH/:/mnt/c/Program Files/dotnet/:/mnt/c/WINDOWS/system32:/mnt/c/WINDOWS:/mnt/c/WINDOWS/System32/Wbem:/mnt/c/WINDOWS/System32/WindowsPowerShell/v1.0/:/mnt/c/WINDOWS/System32/OpenSSH/:/mnt/c/Program Files/PowerShell/7/:/mnt/c/Program Files/Azure Data Studio/bin:/mnt/c/Program Files/Microsoft SQL Server/130/Tools/Binn/:/mnt/c/Program Files/Microsoft SQL Server/Client SDK/ODBC/170/Tools/Binn/:/mnt/c/Program Files (x86)/Microsoft SQL Server/150/DTS/Binn/:/mnt/c/Program Files (x86)/dotnet/:/mnt/c/Users/Cetus/scoop/apps/nodejs/current/bin:/mnt/c/Users/Cetus/scoop/apps/nodejs/current:/mnt/c/Users/Cetus/scoop/apps/python/current/Scripts:/mnt/c/Users/Cetus/scoop/apps/python/current:/mnt/c/Users/Cetus/scoop/apps/gcc/current/bin:/mnt/c/Users/Cetus/scoop/apps/latex/current/texmfs/install/miktex/bin/x64:/mnt/c/Users/Cetus/AppData/local/scoop/shims:/mnt/c/Users/Cetus/scoop/shims:/mnt/c/Users/Cetus/AppData/Local/Microsoft/WindowsApps:/mnt/c/Users/Cetus/AppData/Local/Programs/Microsoft VS Code/bin:/mnt/c/Program Files (x86)/Nmap:/mnt/c/Users/Cetus/.dotnet/tools:/mnt/c/Users/Cetus/AppData/Local/Microsoft/WindowsApps

Yarn version: 
  1.22.10

Node version: 
  15.7.0

Platform: 
  linux x64

Trace: 
  Error: https://registry.npmjs.org/vueress-vite: Not found
      at Request.params.callback [as _callback] (/home/cedar/.nvm/versions/node/v15.7.0/lib/node_modules/yarn/lib/cli.js:66988:18)
      at Request.self.callback (/home/cedar/.nvm/versions/node/v15.7.0/lib/node_modules/yarn/lib/cli.js:140662:22)
      at Request.emit (node:events:379:20)
      at Request.<anonymous> (/home/cedar/.nvm/versions/node/v15.7.0/lib/node_modules/yarn/lib/cli.js:141634:10)
      at Request.emit (node:events:379:20)
      at IncomingMessage.<anonymous> (/home/cedar/.nvm/versions/node/v15.7.0/lib/node_modules/yarn/lib/cli.js:141556:12)
      at Object.onceWrapper (node:events:485:28)
      at IncomingMessage.emit (node:events:391:22)
      at endReadableNT (node:internal/streams/readable:1307:12)
      at processTicksAndRejections (node:internal/process/task_queues:81:21)

npm manifest: 
  {
    "name": "vuepress-next-repro-env-variable",
    "version": "1.0.0",
    "main": "index.js",
    "license": "MIT"
  }

yarn manifest: 
  No manifest

Lockfile: 
  No lockfile
